  [org.springframework.web.servlet.DispatcherServlet]-[DEBUG] GET "/spring_mybatis_war/user/add", parameters={}
  [org.springframework.web.servlet.mvc.method.annotation.RequestMappingHandlerMapping]-[DEBUG] Mapped to com.ibicd.web.UserController#add()
  [org.springframework.jdbc.datasource.DataSourceTransactionManager]-[DEBUG] Creating new transaction with name [com.ibicd.service.UserService.add]: PROPAGATION_REQUIRED,ISOLATION_DEFAULT
  [com.alibaba.druid.pool.DruidDataSource]-[INFO] {dataSource-1} inited
  [org.springframework.jdbc.datasource.DataSourceTransactionManager]-[DEBUG] Acquired Connection [com.mysql.cj.jdbc.ConnectionImpl@6227d4bb] for JDBC transaction
  [org.springframework.jdbc.datasource.DataSourceTransactionManager]-[DEBUG] Switching JDBC Connection [com.mysql.cj.jdbc.ConnectionImpl@6227d4bb] to manual commit
  [org.mybatis.spring.SqlSessionUtils]-[DEBUG] Creating a new SqlSession
  [org.mybatis.spring.SqlSessionUtils]-[DEBUG] Registering transaction synchronization for SqlSession [org.apache.ibatis.session.defaults.DefaultSqlSession@2974056f]
  [org.mybatis.spring.transaction.SpringManagedTransaction]-[DEBUG] JDBC Connection [com.mysql.cj.jdbc.ConnectionImpl@6227d4bb] will be managed by Spring
  [com.ibicd.mapper.UserMapper.add]-[DEBUG] ==>  Preparing: insert into user(user_name, corp) values (?, ?)
  [com.ibicd.mapper.UserMapper.add]-[DEBUG] ==> Parameters: Julie(String), ibicd(String)
  [com.ibicd.mapper.UserMapper.add]-[DEBUG] <==    Updates: 1
  [org.mybatis.spring.SqlSessionUtils]-[DEBUG] Releasing transactional SqlSession [org.apache.ibatis.session.defaults.DefaultSqlSession@2974056f]
  [org.mybatis.spring.SqlSessionUtils]-[DEBUG] Transaction synchronization committing SqlSession [org.apache.ibatis.session.defaults.DefaultSqlSession@2974056f]
  [org.mybatis.spring.SqlSessionUtils]-[DEBUG] Transaction synchronization deregistering SqlSession [org.apache.ibatis.session.defaults.DefaultSqlSession@2974056f]
  [org.mybatis.spring.SqlSessionUtils]-[DEBUG] Transaction synchronization closing SqlSession [org.apache.ibatis.session.defaults.DefaultSqlSession@2974056f]
  [org.springframework.jdbc.datasource.DataSourceTransactionManager]-[DEBUG] Initiating transaction commit
  [org.springframework.jdbc.datasource.DataSourceTransactionManager]-[DEBUG] Committing JDBC transaction on Connection [com.mysql.cj.jdbc.ConnectionImpl@6227d4bb]
  [org.springframework.jdbc.datasource.DataSourceTransactionManager]-[DEBUG] Releasing JDBC Connection [com.mysql.cj.jdbc.ConnectionImpl@6227d4bb] after transaction
  [org.springframework.web.servlet.mvc.method.annotation.RequestResponseBodyMethodProcessor]-[DEBUG] No match for [text/html, application/xhtml+xml, image/webp, image/apng, application/xml;q=0.9, */*;q=0.8], supported: []
  [org.springframework.web.servlet.DispatcherServlet]-[DEBUG] Completed 200 OK
